0 info it worked if it ends with ok
1 verbose cli [ 'node', '/usr/local/bin/npm', 'uninstall', 'http-server', '-g' ]
2 info using npm@1.4.28
3 info using node@v0.10.33
4 verbose lib/node_modules/http-server unbuild
5 info preuninstall http-server@0.7.5
6 info uninstall http-server@0.7.5
7 verbose true,/usr/local/lib/node_modules,/usr/local/lib/node_modules unbuild http-server@0.7.5
8 verbose /usr/local/bin,[object Object] binRoot
9 error Error: EACCES, unlink '/usr/local/bin/http-server'
9 error  { [Error: EACCES, unlink '/usr/local/bin/http-server'] errno: 3, code: 'EACCES', path: '/usr/local/bin/http-server' }
10 error Please try running this command again as root/Administrator.
11 error System Darwin 14.1.0
12 error command "node" "/usr/local/bin/npm" "uninstall" "http-server" "-g"
13 error cwd /Users/brocknorton/Desktop/Commute Calculator
14 error node -v v0.10.33
15 error npm -v 1.4.28
16 error path /usr/local/bin/http-server
17 error code EACCES
18 error errno 3
19 error stack Error: EACCES, unlink '/usr/local/bin/http-server'
20 verbose exit [ 3, true ]
